<?xml version="1.0" encoding="utf-8" standalone="no"?>
<!--This file represents the results of running a test suite-->
<test-results name="D:\work\personal\NDistribUnit\test\O2ITests_guaranteed-to-be-working\TRR.O2I.UiTest.nunit" total="3" errors="1" failures="0" not-run="0" inconclusive="0" ignored="0" skipped="0" invalid="0" date="2012-01-16" time="12:29:42">
  <environment nunit-version="2.5.10.11092" clr-version="2.0.50727.5448" os-version="Microsoft Windows NT 6.1.7601 Service Pack 1" platform="Win32NT" cwd="D:\work\personal\NDistribUnit\source\_dependencies\NUnit-2.5.10.11092\bin\net-2.0" machine-name="EPBYMINW1560" user="Alexander_Yezutov" user-domain="MINSK" />
  <culture-info current-culture="en-US" current-uiculture="en-US" />
  <test-suite type="Project" name="D:\work\personal\NDistribUnit\test\O2ITests_guaranteed-to-be-working\TRR.O2I.UiTest.nunit" executed="True" result="Failure" success="False" time="141.572" asserts="0">
    <results>
      <test-suite type="Assembly" name="D:\work\personal\NDistribUnit\test\O2ITests_guaranteed-to-be-working\UI.Test.dll" executed="True" result="Failure" success="False" time="141.572" asserts="0">
        <results>
          <test-suite type="Namespace" name="TRR" executed="True" result="Failure" success="False" time="141.572" asserts="0">
            <results>
              <test-suite type="Namespace" name="O2I" executed="True" result="Failure" success="False" time="141.572" asserts="0">
                <results>
                  <test-suite type="Namespace" name="UI" executed="True" result="Failure" success="False" time="141.568" asserts="0">
                    <results>
                      <test-suite type="Namespace" name="General" executed="True" result="Failure" success="False" time="141.566" asserts="0">
                        <results>
                          <test-suite type="Namespace" name="ASN" executed="True" result="Failure" success="False" time="141.562" asserts="0">
                            <results>
                              <test-suite type="Namespace" name="AsnNumberAutoGeneration" executed="True" result="Failure" success="False" time="141.561" asserts="0">
                                <results>
                                  <test-suite type="TestFixture" name="CheckAsnGeneratedNumberTest" executed="True" result="Failure" success="False" time="141.559" asserts="7">
                                    <results>
                                      <test-case name="TRR.O2I.UI.General.ASN.AsnNumberAutoGeneration.CheckAsnGeneratedNumberTest.CopyAsnAndCheckNumber" executed="True" result="Success" success="True" time="24.288" asserts="9" />
                                      <test-case name="TRR.O2I.UI.General.ASN.AsnNumberAutoGeneration.CheckAsnGeneratedNumberTest.CreateAsnFromScratchAndCheckNumber" executed="True" result="Error" success="False" time="0.905" asserts="3">
                                        <failure>
                                          <message><![CDATA[System.IndexOutOfRangeException : This buyerId doesn't exist in current grid.]]></message>
                                          <stack-trace><![CDATA[at CommonTests.Site.AsnCreatePage.GetGridRow(Int32 buyerId) in D:\TESTS\Commerster\UITests\O2I.UI.Tests\Site\Pages\ASNPages\AsnCreatePage.cs:line 60
at TRR.O2I.UI.Test.Workflows.CreateAsnFromScratchWorkflow.Run(Int32 buyerId) in D:\TESTS\Commerster\UITests\O2I.UI.Tests\Workflows\CreateAsnFromScratchWorkflow.cs:line 14
at TRR.O2I.UI.General.ASN.AsnNumberAutoGeneration.CheckAsnGeneratedNumberTest.CreateAsnFromScratchAndCheckNumber() in D:\TESTS\Commerster\UITests\O2I.UI.Tests\TestCases\AsnNumberAutoGeneration\CheckAsnGeneratedNumberTest.cs:line 49
]]></stack-trace>
                                        </failure>
                                      </test-case>
                                      <test-case name="TRR.O2I.UI.General.ASN.AsnNumberAutoGeneration.CheckAsnGeneratedNumberTest.CreateTwoAsnAndCheckNumber" executed="True" result="Success" success="True" time="24.511" asserts="11" />
                                    </results>
                                  </test-suite>
                                </results>
                              </test-suite>
                            </results>
                          </test-suite>
                        </results>
                      </test-suite>
                    </results>
                  </test-suite>
                </results>
              </test-suite>
            </results>
          </test-suite>
        </results>
      </test-suite>
    </results>
  </test-suite>
</test-results>